[2020-01-31 01:23:52] local.ERROR: Illegal offset type {"exception":"[object] (ErrorException(code: 0): Illegal offset type at C:\\xampp\\htdocs\\EteslaPanelesSolares\\vendor\\laravel\\framework\\src\\Illuminate\\Routing\\RouteCollection.php:88)
[stacktrace]
#0 C:\\xampp\\htdocs\\EteslaPanelesSolares\\vendor\\laravel\\framework\\src\\Illuminate\\Routing\\RouteCollection.php(88): Illuminate\\Foundation\\Bootstrap\\HandleExceptions->handleError(2, 'Illegal offset ...', 'C:\\\\xampp\\\\htdocs...', 88, Array)
#1 C:\\xampp\\htdocs\\EteslaPanelesSolares\\vendor\\laravel\\framework\\src\\Illuminate\\Routing\\RouteCollection.php(54): Illuminate\\Routing\\RouteCollection->addLookups(Object(Illuminate\\Routing\\Route))
#2 C:\\xampp\\htdocs\\EteslaPanelesSolares\\vendor\\laravel\\framework\\src\\Illuminate\\Routing\\Router.php(445): Illuminate\\Routing\\RouteCollection->add(Object(Illuminate\\Routing\\Route))
#3 C:\\xampp\\htdocs\\EteslaPanelesSolares\\vendor\\laravel\\framework\\src\\Illuminate\\Routing\\Router.php(156): Illuminate\\Routing\\Router->addRoute('POST', 'enviarConfigura...', Array)
#4 C:\\xampp\\htdocs\\EteslaPanelesSolares\\vendor\\laravel\\framework\\src\\Illuminate\\Support\\Facades\\Facade.php(239): Illuminate\\Routing\\Router->post('enviarConfigura...', Array)
#5 C:\\xampp\\htdocs\\EteslaPanelesSolares\outes\\web.php(101): Illuminate\\Support\\Facades\\Facade::__callStatic('post', Array)
#6 C:\\xampp\\htdocs\\EteslaPanelesSolares\\vendor\\laravel\\framework\\src\\Illuminate\\Routing\\RouteFileRegistrar.php(35): require('C:\\\\xampp\\\\htdocs...')
#7 C:\\xampp\\htdocs\\EteslaPanelesSolares\\vendor\\laravel\\framework\\src\\Illuminate\\Routing\\Router.php(415): Illuminate\\Routing\\RouteFileRegistrar->register('C:\\\\xampp\\\\htdocs...')
#8 C:\\xampp\\htdocs\\EteslaPanelesSolares\\vendor\\laravel\\framework\\src\\Illuminate\\Routing\\Router.php(373): Illuminate\\Routing\\Router->loadRoutes('C:\\\\xampp\\\\htdocs...')
#9 C:\\xampp\\htdocs\\EteslaPanelesSolares\\vendor\\laravel\\framework\\src\\Illuminate\\Routing\\RouteRegistrar.php(121): Illuminate\\Routing\\Router->group(Array, 'C:\\\\xampp\\\\htdocs...')
#10 C:\\xampp\\htdocs\\EteslaPanelesSolares\\app\\Providers\\RouteServiceProvider.php(56): Illuminate\\Routing\\RouteRegistrar->group('C:\\\\xampp\\\\htdocs...')
#11 C:\\xampp\\htdocs\\EteslaPanelesSolares\\app\\Providers\\RouteServiceProvider.php(40): App\\Providers\\RouteServiceProvider->mapWebRoutes()
#12 [internal function]: App\\Providers\\RouteServiceProvider->map()
#13 C:\\xampp\\htdocs\\EteslaPanelesSolares\\vendor\\laravel\\framework\\src\\Illuminate\\Container\\BoundMethod.php(32): call_user_func_array(Array, Array)
#14 C:\\xampp\\htdocs\\EteslaPanelesSolares\\vendor\\laravel\\framework\\src\\Illuminate\\Support\\helpers.php(520): Illuminate\\Container\\BoundMethod::Illuminate\\Container\\{closure}()
#15 C:\\xampp\\htdocs\\EteslaPanelesSolares\\vendor\\laravel\\framework\\src\\Illuminate\\Container\\BoundMethod.php(90): value(Object(Closure))
#16 C:\\xampp\\htdocs\\EteslaPanelesSolares\\vendor\\laravel\\framework\\src\\Illuminate\\Container\\BoundMethod.php(34): Illuminate\\Container\\BoundMethod::callBoundMethod(Object(Illuminate\\Foundation\\Application), Array, Object(Closure))
#17 C:\\xampp\\htdocs\\EteslaPanelesSolares\\vendor\\laravel\\framework\\src\\Illuminate\\Container\\Container.php(591): Illuminate\\Container\\BoundMethod::call(Object(Illuminate\\Foundation\\Application), Array, Array, NULL)
#18 C:\\xampp\\htdocs\\EteslaPanelesSolares\\vendor\\laravel\\framework\\src\\Illuminate\\Foundation\\Support\\Providers\\RouteServiceProvider.php(87): Illuminate\\Container\\Container->call(Array)
#19 C:\\xampp\\htdocs\\EteslaPanelesSolares\\vendor\\laravel\\framework\\src\\Illuminate\\Foundation\\Support\\Providers\\RouteServiceProvider.php(36): Illuminate\\Foundation\\Support\\Providers\\RouteServiceProvider->loadRoutes()
#20 C:\\xampp\\htdocs\\EteslaPanelesSolares\\app\\Providers\\RouteServiceProvider.php(28): Illuminate\\Foundation\\Support\\Providers\\RouteServiceProvider->boot()
#21 [internal function]: App\\Providers\\RouteServiceProvider->boot()
#22 C:\\xampp\\htdocs\\EteslaPanelesSolares\\vendor\\laravel\\framework\\src\\Illuminate\\Container\\BoundMethod.php(32): call_user_func_array(Array, Array)
#23 C:\\xampp\\htdocs\\EteslaPanelesSolares\\vendor\\laravel\\framework\\src\\Illuminate\\Support\\helpers.php(520): Illuminate\\Container\\BoundMethod::Illuminate\\Container\\{closure}()
#24 C:\\xampp\\htdocs\\EteslaPanelesSolares\\vendor\\laravel\\framework\\src\\Illuminate\\Container\\BoundMethod.php(90): value(Object(Closure))
#25 C:\\xampp\\htdocs\\EteslaPanelesSolares\\vendor\\laravel\\framework\\src\\Illuminate\\Container\\BoundMethod.php(34): Illuminate\\Container\\BoundMethod::callBoundMethod(Object(Illuminate\\Foundation\\Application), Array, Object(Closure))
#26 C:\\xampp\\htdocs\\EteslaPanelesSolares\\vendor\\laravel\\framework\\src\\Illuminate\\Container\\Container.php(591): Illuminate\\Container\\BoundMethod::call(Object(Illuminate\\Foundation\\Application), Array, Array, NULL)
#27 C:\\xampp\\htdocs\\EteslaPanelesSolares\\vendor\\laravel\\framework\\src\\Illuminate\\Foundation\\Application.php(828): Illuminate\\Container\\Container->call(Array)
#28 C:\\xampp\\htdocs\\EteslaPanelesSolares\\vendor\\laravel\\framework\\src\\Illuminate\\Foundation\\Application.php(811): Illuminate\\Foundation\\Application->bootProvider(Object(App\\Providers\\RouteServiceProvider))
#29 [internal function]: Illuminate\\Foundation\\Application->Illuminate\\Foundation\\{closure}(Object(App\\Providers\\RouteServiceProvider), 22)
#30 C:\\xampp\\htdocs\\EteslaPanelesSolares\\vendor\\laravel\\framework\\src\\Illuminate\\Foundation\\Application.php(812): array_walk(Array, Object(Closure))
#31 C:\\xampp\\htdocs\\EteslaPanelesSolares\\vendor\\laravel\\framework\\src\\Illuminate\\Foundation\\Bootstrap\\BootProviders.php(17): Illuminate\\Foundation\\Application->boot()
#32 C:\\xampp\\htdocs\\EteslaPanelesSolares\\vendor\\laravel\\framework\\src\\Illuminate\\Foundation\\Application.php(211): Illuminate\\Foundation\\Bootstrap\\BootProviders->bootstrap(Object(Illuminate\\Foundation\\Application))
#33 C:\\xampp\\htdocs\\EteslaPanelesSolares\\vendor\\laravel\\framework\\src\\Illuminate\\Foundation\\Http\\Kernel.php(162): Illuminate\\Foundation\\Application->bootstrapWith(Array)
#34 C:\\xampp\\htdocs\\EteslaPanelesSolares\\vendor\\laravel\\framework\\src\\Illuminate\\Foundation\\Http\\Kernel.php(146): Illuminate\\Foundation\\Http\\Kernel->bootstrap()
#35 C:\\xampp\\htdocs\\EteslaPanelesSolares\\vendor\\laravel\\framework\\src\\Illuminate\\Foundation\\Http\\Kernel.php(116): Illuminate\\Foundation\\Http\\Kernel->sendRequestThroughRouter(Object(Illuminate\\Http\\Request))
#36 C:\\xampp\\htdocs\\EteslaPanelesSolares\\public\\index.php(55): Illuminate\\Foundation\\Http\\Kernel->handle(Object(Illuminate\\Http\\Request))
#37 C:\\xampp\\htdocs\\EteslaPanelesSolares\\server.php(21): require_once('C:\\\\xampp\\\\htdocs...')
#38 {main}
"} 
